<html>
<body>
<pre>
<h1>Vision Build Log</h1>
<h2>Tool Versions:</h2>
IDE-Version: μVision V5.22.0.0
Copyright (C) 2016 ARM Ltd and ARM Germany GmbH. All rights reserved.
License Information: DSFA lenovo, FDASF, LIC=RC93N-YDPF1-FWX2N-YP47H-MX3RF-8XUI2
 
Tool Versions:
Toolchain:       MDK-ARM Plus  Version: 5.22
Toolchain Path:  E:\Keil_v5\ARM\ARMCC\Bin
C Compiler:      Armcc.exe V5.06 update 4 (build 422)
Assembler:       Armasm.exe V5.06 update 4 (build 422)
Linker/Locator:  ArmLink.exe V5.06 update 4 (build 422)
Library Manager: ArmAr.exe V5.06 update 4 (build 422)
Hex Converter:   FromElf.exe V5.06 update 4 (build 422)
CPU DLL:         SARMCM3.DLL V5.22
Dialog DLL:      DCM.DLL V1.13.9.0
Target DLL:      STLink\ST-LINKIII-KEIL_SWO.dll V2.0.18.0
Dialog DLL:      TCM.DLL V1.21.0.0
 
<h2>Project:</h2>
C:\Users\lenovo\Desktop\协助毕业设计\51黑论坛_6自由度机械臂 手动按键控制\6自由度机械臂 手动按键控制\User\Smart car.uvprojx
Project File Date:  05/09/2019

<h2>Output:</h2>
*** Using Compiler 'V5.06 update 4 (build 422)', folder: 'E:\Keil_v5\ARM\ARMCC\Bin'
*** Note: Rebuilding project, since 'Options->Output->Create Batch File' is selected.
Rebuild target 'Smart car'
compiling main.c...
main.c(59): warning:  #223-D: function "sprintf" declared implicitly
                sprintf((char*)water_show,"water:%.1f%% %.0f ",tmp2,water_set);         
main.c(59): error:  #20: identifier "water_show" is undefined
                sprintf((char*)water_show,"water:%.1f%% %.0f ",tmp2,water_set);         
main.c(59): error:  #20: identifier "tmp2" is undefined
                sprintf((char*)water_show,"water:%.1f%% %.0f ",tmp2,water_set);         
main.c(59): error:  #20: identifier "water_set" is undefined
                sprintf((char*)water_show,"water:%.1f%% %.0f ",tmp2,water_set);         
main.c: 1 warning, 3 errors
compiling stm32f10x_it.c...
compiling system_stm32f10x.c...
compiling core_cm3.c...
assembling startup_stm32f10x_md.s...
compiling misc.c...
compiling stm32f10x_adc.c...
compiling stm32f10x_bkp.c...
compiling stm32f10x_can.c...
compiling stm32f10x_cec.c...
compiling stm32f10x_crc.c...
compiling stm32f10x_dac.c...
compiling stm32f10x_dbgmcu.c...
compiling stm32f10x_dma.c...
compiling stm32f10x_exti.c...
compiling stm32f10x_flash.c...
compiling stm32f10x_fsmc.c...
compiling stm32f10x_gpio.c...
compiling stm32f10x_i2c.c...
compiling stm32f10x_iwdg.c...
compiling stm32f10x_pwr.c...
compiling stm32f10x_rcc.c...
compiling stm32f10x_rtc.c...
compiling stm32f10x_sdio.c...
compiling stm32f10x_spi.c...
compiling stm32f10x_tim.c...
compiling stm32f10x_usart.c...
compiling stm32f10x_wwdg.c...
compiling delay.c...
compiling sys.c...
compiling usart.c...
compiling usart_2.c...
compiling smartcar.c...
compiling pwm.c...
compiling key.c...
compiling digitalvalue.c...
compiling oled.c...
linking...
..\Obj\Smart car.axf: error: L6002U: Could not open file ..\obj\main.o: No such file or directory
Finished: 0 information, 0 warning, 0 error and 1 fatal error messages.
"..\Obj\Smart car.axf" - 4 Error(s), 1 Warning(s).

<h2>Collection of Component include folders:</h2>
  C:\Users\lenovo\Desktop\协助毕业设计\51黑论坛_6自由度机械臂 手动按键控制\6自由度机械臂 手动按键控制\User\RTE\_Smart_car
  E:\Keil_v5\ARM\PACK\Keil\STM32F1xx_DFP\2.2.0\Device\Include

<h2>Collection of Component Files used:</h2>
Target not created.
Build Time Elapsed:  00:00:38
</pre>
</body>
</html>
